::1 - - [04/Sep/2018:09:49:24 +0000] "POST /api/sms HTTP/1.1" - - "-" "PostmanRuntime/7.2.0"
::1 - - [04/Sep/2018:10:12:10 +0000] "POST /api/sms HTTP/1.1" - - "-" "PostmanRuntime/7.2.0"
::1 - - [04/Sep/2018:11:47:52 +0000] "POST /api/sms HTTP/1.1" - - "-" "PostmanRuntime/7.2.0"
::1 - - [04/Sep/2018:11:53:02 +0000] "POST /api/sms HTTP/1.1" - - "-" "PostmanRuntime/7.2.0"
::1 - - [04/Sep/2018:11:59:00 +0000] "POST /api/sms HTTP/1.1" - - "-" "PostmanRuntime/7.2.0"
::1 - - [04/Sep/2018:12:14:59 +0000] "POST /api/sms HTTP/1.1" - - "-" "PostmanRuntime/7.2.0"
::1 - - [04/Sep/2018:12:17:58 +0000] "POST /api/sms HTTP/1.1" - - "-" "PostmanRuntime/7.2.0"
::1 - - [04/Sep/2018:12:32:04 +0000] "POST /api/sms HTTP/1.1" - - "-" "PostmanRuntime/7.2.0"
::1 - - [04/Sep/2018:12:34:58 +0000] "POST /api/sms HTTP/1.1" - - "-" "PostmanRuntime/7.2.0"
::1 - - [05/Sep/2018:05:18:03 +0000] "POST /api/sms HTTP/1.1" - - "-" "PostmanRuntime/7.2.0"
::1 - - [05/Sep/2018:05:28:40 +0000] "POST /api/sms HTTP/1.1" - - "-" "PostmanRuntime/7.2.0"
::1 - - [05/Sep/2018:05:33:03 +0000] "GET /api/sms/whitelist HTTP/1.1" 404 156 "-" "PostmanRuntime/7.2.0"
::1 - - [05/Sep/2018:05:33:16 +0000] "GET /api/whitelist HTTP/1.1" 404 152 "-" "PostmanRuntime/7.2.0"
::1 - - [05/Sep/2018:05:34:47 +0000] "GET /api/whitelist HTTP/1.1" 404 152 "-" "PostmanRuntime/7.2.0"
::1 - - [05/Sep/2018:05:34:53 +0000] "GET /api/whitelist HTTP/1.1" 404 152 "-" "PostmanRuntime/7.2.0"
::1 - - [05/Sep/2018:05:35:03 +0000] "GET /api/whitelist HTTP/1.1" 404 152 "-" "PostmanRuntime/7.2.0"
::1 - - [05/Sep/2018:05:35:11 +0000] "GET /api/whitelist HTTP/1.1" 404 152 "-" "PostmanRuntime/7.2.0"
::1 - - [05/Sep/2018:05:41:19 +0000] "POST /api/whitelist HTTP/1.1" - - "-" "PostmanRuntime/7.2.0"
::1 - - [05/Sep/2018:05:43:30 +0000] "POST /api/whitelist HTTP/1.1" - - "-" "PostmanRuntime/7.2.0"
::1 - - [05/Sep/2018:05:52:56 +0000] "POST /api/whitelist HTTP/1.1" - - "-" "PostmanRuntime/7.2.0"
::1 - - [05/Sep/2018:05:57:33 +0000] "POST /api/whitelist HTTP/1.1" - - "-" "PostmanRuntime/7.2.0"
::1 - - [05/Sep/2018:06:02:56 +0000] "POST /api/whitelist HTTP/1.1" - - "-" "PostmanRuntime/7.2.0"
::1 - - [05/Sep/2018:06:15:05 +0000] "POST /api/whitelist HTTP/1.1" - - "-" "PostmanRuntime/7.2.0"
::1 - - [05/Sep/2018:06:17:46 +0000] "POST /api/whitelist HTTP/1.1" - - "-" "PostmanRuntime/7.2.0"
::1 - - [05/Sep/2018:06:18:55 +0000] "POST /api/whitelist HTTP/1.1" - - "-" "PostmanRuntime/7.2.0"
::1 - - [05/Sep/2018:06:38:34 +0000] "POST /api/whitelist HTTP/1.1" - - "-" "PostmanRuntime/7.2.0"
::1 - - [05/Sep/2018:06:48:34 +0000] "POST /api/whitelist HTTP/1.1" - - "-" "PostmanRuntime/7.2.0"
::1 - - [05/Sep/2018:06:51:40 +0000] "POST /api/whitelist HTTP/1.1" - - "-" "PostmanRuntime/7.2.0"
::1 - - [05/Sep/2018:07:01:30 +0000] "POST /api/whitelist HTTP/1.1" - - "-" "PostmanRuntime/7.2.0"
::1 - - [05/Sep/2018:08:25:29 +0000] "POST /api/whitelist HTTP/1.1" - - "-" "PostmanRuntime/7.2.0"
::1 - - [05/Sep/2018:09:32:26 +0000] "POST /api/whitelist HTTP/1.1" - - "-" "PostmanRuntime/7.2.0"
::1 - - [05/Sep/2018:09:36:55 +0000] "GET /api/call HTTP/1.1" 404 147 "-" "PostmanRuntime/7.2.0"
::1 - - [05/Sep/2018:09:37:39 +0000] "GET /api/call HTTP/1.1" 404 147 "-" "PostmanRuntime/7.2.0"
::1 - - [05/Sep/2018:09:45:05 +0000] "POST /api/call HTTP/1.1" - - "-" "PostmanRuntime/7.2.0"
::1 - - [05/Sep/2018:09:52:47 +0000] "POST /api/call HTTP/1.1" - - "-" "PostmanRuntime/7.2.0"
::1 - - [05/Sep/2018:09:57:15 +0000] "POST /api/call HTTP/1.1" - - "-" "PostmanRuntime/7.2.0"
::1 - - [05/Sep/2018:10:02:21 +0000] "POST /api/call HTTP/1.1" 200 538 "-" "PostmanRuntime/7.2.0"
::1 - - [05/Sep/2018:13:29:03 +0000] "POST /api/sms HTTP/1.1" - - "-" "PostmanRuntime/7.2.0"
::1 - - [07/Sep/2018:06:57:04 +0000] "POST /api/sms HTTP/1.1" - - "-" "PostmanRuntime/7.2.0"
::1 - - [07/Sep/2018:07:01:12 +0000] "POST /api/sms HTTP/1.1" - - "-" "PostmanRuntime/7.2.0"
::1 - - [07/Sep/2018:11:39:35 +0000] "POST /api/sms HTTP/1.1" - - "-" "PostmanRuntime/7.2.0"
::1 - - [07/Sep/2018:11:48:27 +0000] "POST /api/sms HTTP/1.1" 200 42 "-" "PostmanRuntime/7.2.0"
